
[2023-01-11 14:12:40 +0000][INFO] - values.append(record[CommandLine_name]). sucess :
[2023-01-11 14:12:40 +0000][INFO] - values.append(record[Process_name]). sucess :
[2023-01-11 14:12:40 +0000][INFO] - values.append(record[CommandLine_name]). sucess :
[2023-01-11 14:12:40 +0000][INFO] - values.append(record[Process_name]). sucess :
[2023-01-11 14:12:40 +0000][INFO] - values.append(record[CommandLine_name]). sucess :
[2023-01-11 14:12:40 +0000][INFO] - values.append(record[Process_name]). sucess :
[2023-01-11 14:12:40 +0000][INFO] - values.append(record[CommandLine_name]). sucess :
[2023-01-11 14:12:40 +0000][INFO] - values.append(record[Process_name]). sucess :
[2023-01-11 14:12:40 +0000][INFO] - values.append(record[CommandLine_name]). sucess :
[2023-01-11 14:12:40 +0000][INFO] - values.append(record[Process_name]). sucess :
[2023-01-11 14:12:40 +0000][INFO] - values.append(record[CommandLine_name]). sucess :
[2023-01-11 14:12:40 +0000][INFO] - values.append(record[Process_name]). sucess :
[2023-01-11 14:12:40 +0000][INFO] - values.append(record[CommandLine_name]). sucess :
[2023-01-11 14:12:40 +0000][INFO] - values.append(record[Process_name]). sucess :
[2023-01-11 14:12:40 +0000][INFO] - values.append(record[CommandLine_name]). sucess :
[2023-01-11 14:12:40 +0000][INFO] - values.append(record[Process_name]). sucess :
[2023-01-11 14:12:40 +0000][INFO] - values.append(record[CommandLine_name]). sucess :
[2023-01-11 14:12:40 +0000][INFO] - values.append(record[Process_name]). sucess :
[2023-01-11 14:12:40 +0000][INFO] - values.append(record[CommandLine_name]). sucess :
[2023-01-11 14:12:40 +0000][INFO] - values.append(record[Process_name]). sucess :
[2023-01-11 14:12:40 +0000][INFO] - values.append(record[CommandLine_name]). sucess :
[2023-01-11 14:12:40 +0000][INFO] - values.append(record[Process_name]). sucess :
[2023-01-11 14:12:40 +0000][INFO] - values.append(record[CommandLine_name]). sucess :
[2023-01-11 14:12:40 +0000][INFO] - values.append(record[Process_name]). sucess :
[2023-01-11 14:12:40 +0000][INFO] - values.append(record[CommandLine_name]). sucess :
[2023-01-11 14:12:40 +0000][INFO] - values.append(record[Process_name]). sucess :
[2023-01-11 14:12:40 +0000][INFO] - values.append(record[CommandLine_name]). sucess :
[2023-01-11 14:12:40 +0000][INFO] - values.append(record[Process_name]). sucess :
[2023-01-11 14:12:40 +0000][INFO] - values.append(record[CommandLine_name]). sucess :
[2023-01-11 14:12:40 +0000][INFO] - values.append(record[Process_name]). sucess :
[2023-01-11 14:12:40 +0000][INFO] - values.append(record[CommandLine_name]). sucess :
[2023-01-11 14:12:40 +0000][INFO] - values.append(record[Process_name]). sucess :
[2023-01-11 14:12:40 +0000][INFO] - values.append(record[CommandLine_name]). sucess :
[2023-01-11 14:12:40 +0000][INFO] - values.append(record[Process_name]). sucess :
[2023-01-11 14:12:40 +0000][INFO] - values.append(record[CommandLine_name]). sucess :
[2023-01-11 14:12:40 +0000][INFO] - values.append(record[Process_name]). sucess :
[2023-01-11 14:12:40 +0000][INFO] - values.append(record[CommandLine_name]). sucess :
[2023-01-11 14:12:40 +0000][INFO] - values.append(record[Process_name]). sucess :
[2023-01-11 14:12:40 +0000][INFO] - values.append(record[CommandLine_name]). sucess :
[2023-01-11 14:12:40 +0000][INFO] - values.append(record[Process_name]). sucess :
[2023-01-11 14:12:40 +0000][INFO] - values.append(record[CommandLine_name]). sucess :
[2023-01-11 14:12:40 +0000][INFO] - values.append(record[Process_name]). sucess :
[2023-01-11 14:12:40 +0000][INFO] - values.append(record[CommandLine_name]). sucess :
[2023-01-11 14:12:40 +0000][INFO] - values.append(record[Process_name]). sucess :
[2023-01-11 14:12:40 +0000][INFO] - values.append(record[CommandLine_name]). sucess :
[2023-01-11 14:12:40 +0000][INFO] - values.append(record[Process_name]). sucess :
[2023-01-11 14:12:40 +0000][INFO] - values.append(record[CommandLine_name]). sucess :
[2023-01-11 14:12:40 +0000][INFO] - values.append(record[Process_name]). sucess :
[2023-01-11 14:12:40 +0000][INFO] - values.append(record[CommandLine_name]). sucess :
[2023-01-11 14:12:40 +0000][INFO] - values.append(record[Process_name]). sucess :
[2023-01-11 14:12:40 +0000][INFO] - values.append(record[CommandLine_name]). sucess :
[2023-01-11 14:12:40 +0000][INFO] - values.append(record[Process_name]). sucess :
[2023-01-11 14:12:40 +0000][INFO] - values.append(record[CommandLine_name]). sucess :
[2023-01-11 14:12:40 +0000][INFO] - values.append(record[Process_name]). sucess :
[2023-01-11 14:12:40 +0000][INFO] - values.append(record[CommandLine_name]). sucess :
[2023-01-11 14:12:40 +0000][INFO] - values.append(record[Process_name]). sucess :
[2023-01-11 14:12:40 +0000][INFO] - values.append(record[CommandLine_name]). sucess :
[2023-01-11 14:12:40 +0000][INFO] - values.append(record[Process_name]). sucess :
[2023-01-11 14:12:40 +0000][INFO] - values.append(record[CommandLine_name]). sucess :
[2023-01-11 14:12:40 +0000][INFO] - values.append(record[Process_name]). sucess :
[2023-01-11 14:12:40 +0000][INFO] - values.append(record[CommandLine_name]). sucess :
[2023-01-11 14:12:40 +0000][INFO] - values.append(record[Process_name]). sucess :
[2023-01-11 14:12:40 +0000][INFO] - values.append(record[CommandLine_name]). sucess :
[2023-01-11 14:12:40 +0000][INFO] - values.append(record[Process_name]). sucess :
[2023-01-11 14:12:40 +0000][INFO] - values.append(record[CommandLine_name]). sucess :
[2023-01-11 14:12:40 +0000][INFO] - values.append(record[Process_name]). sucess :
[2023-01-11 14:12:40 +0000][INFO] - values.append(record[CommandLine_name]). sucess :
[2023-01-11 14:12:40 +0000][INFO] - values.append(record[Process_name]). sucess :
[2023-01-11 14:12:40 +0000][INFO] - values.append(record[CommandLine_name]). sucess :
[2023-01-11 14:12:40 +0000][INFO] - values.append(record[Process_name]). sucess :
[2023-01-11 14:12:40 +0000][INFO] - values.append(record[CommandLine_name]). sucess :
[2023-01-11 14:12:40 +0000][INFO] - values.append(record[Process_name]). sucess :
[2023-01-11 14:12:40 +0000][INFO] - values.append(record[CommandLine_name]). sucess :
[2023-01-11 14:12:40 +0000][INFO] - values.append(record[Process_name]). sucess :
[2023-01-11 14:12:40 +0000][INFO] - values.append(record[CommandLine_name]). sucess :
[2023-01-11 14:12:40 +0000][INFO] - values.append(record[Process_name]). sucess :
[2023-01-11 14:12:40 +0000][INFO] - values.append(record[CommandLine_name]). sucess :
[2023-01-11 14:12:40 +0000][INFO] - values.append(record[Process_name]). sucess :
[2023-01-11 14:12:40 +0000][INFO] - values.append(record[CommandLine_name]). sucess :
[2023-01-11 14:12:40 +0000][INFO] - values.append(record[Process_name]). sucess :
[2023-01-11 14:12:40 +0000][INFO] - values.append(record[CommandLine_name]). sucess :
[2023-01-11 14:12:40 +0000][INFO] - values.append(record[Process_name]). sucess :
[2023-01-11 14:12:40 +0000][INFO] - values.append(record[CommandLine_name]). sucess :
[2023-01-11 14:12:40 +0000][INFO] - values.append(record[Process_name]). sucess :
[2023-01-11 14:12:40 +0000][INFO] - values.append(record[CommandLine_name]). sucess :
[2023-01-11 14:12:40 +0000][INFO] - values.append(record[Process_name]). sucess :
[2023-01-11 14:12:40 +0000][INFO] - values.append(record[CommandLine_name]). sucess :
[2023-01-11 14:12:40 +0000][INFO] - values.append(record[Process_name]). sucess :
[2023-01-11 14:12:40 +0000][INFO] - values.append(record[CommandLine_name]). sucess :
[2023-01-11 14:12:40 +0000][INFO] - values.append(record[Process_name]). sucess :
[2023-01-11 14:12:40 +0000][INFO] - values.append(record[CommandLine_name]). sucess :
[2023-01-11 14:12:40 +0000][INFO] - values.append(record[Process_name]). sucess :
[2023-01-11 14:12:40 +0000][INFO] - values.append(record[CommandLine_name]). sucess :
[2023-01-11 14:12:40 +0000][INFO] - values.append(record[Process_name]). sucess :
[2023-01-11 14:12:40 +0000][INFO] - values.append(record[CommandLine_name]). sucess :
[2023-01-11 14:12:40 +0000][INFO] - values.append(record[Process_name]). sucess :
[2023-01-11 14:12:40 +0000][INFO] - values.append(record[CommandLine_name]). sucess :
[2023-01-11 14:12:40 +0000][INFO] - values.append(record[Process_name]). sucess :
[2023-01-11 14:12:40 +0000][INFO] - values.append(record[CommandLine_name]). sucess :
[2023-01-11 14:12:40 +0000][INFO] - values.append(record[Process_name]). sucess :
[2023-01-11 14:12:40 +0000][INFO] - values.append(record[CommandLine_name]). sucess :
[2023-01-11 14:12:40 +0000][INFO] - values.append(record[Process_name]). sucess :
[2023-01-11 14:12:40 +0000][INFO] - values.append(record[CommandLine_name]). sucess :
[2023-01-11 14:12:40 +0000][INFO] - values.append(record[Process_name]). sucess :
[2023-01-11 14:12:40 +0000][INFO] - values.append(record[CommandLine_name]). sucess :
[2023-01-11 14:12:40 +0000][INFO] - values.append(record[Process_name]). sucess :
[2023-01-11 14:12:40 +0000][INFO] - values.append(record[CommandLine_name]). sucess :
[2023-01-11 14:12:40 +0000][INFO] - values.append(record[Process_name]). sucess :
[2023-01-11 14:12:40 +0000][INFO] - values.append(record[CommandLine_name]). sucess :
[2023-01-11 14:12:40 +0000][INFO] - values.append(record[Process_name]). sucess :
[2023-01-11 14:12:40 +0000][INFO] - values.append(record[CommandLine_name]). sucess :
[2023-01-11 14:12:40 +0000][INFO] - values.append(record[Process_name]). sucess :
[2023-01-11 14:12:40 +0000][INFO] - values.append(record[CommandLine_name]). sucess :
[2023-01-11 14:12:40 +0000][INFO] - values.append(record[Process_name]). sucess :
[2023-01-11 14:12:40 +0000][INFO] - values.append(record[CommandLine_name]). sucess :
[2023-01-11 14:12:40 +0000][INFO] - values.append(record[Process_name]). sucess :
[2023-01-11 14:12:40 +0000][INFO] - values.append(record[CommandLine_name]). sucess :
[2023-01-11 14:12:40 +0000][INFO] - values.append(record[Process_name]). sucess :
[2023-01-11 14:12:40 +0000][INFO] - values.append(record[CommandLine_name]). sucess :
[2023-01-11 14:12:40 +0000][INFO] - values.append(record[Process_name]). sucess :
[2023-01-11 14:12:40 +0000][INFO] - values.append(record[CommandLine_name]). sucess :
[2023-01-11 14:12:40 +0000][INFO] - values.append(record[Process_name]). sucess :
[2023-01-11 14:12:40 +0000][INFO] - values.append(record[CommandLine_name]). sucess :
[2023-01-11 14:12:40 +0000][INFO] - values.append(record[Process_name]). sucess :
[2023-01-11 14:12:40 +0000][INFO] - values.append(record[CommandLine_name]). sucess :
[2023-01-11 14:12:40 +0000][INFO] - values.append(record[Process_name]). sucess :
[2023-01-11 14:12:40 +0000][INFO] - values.append(record[CommandLine_name]). sucess :
[2023-01-11 14:12:40 +0000][INFO] - values.append(record[Process_name]). sucess :
[2023-01-11 14:12:40 +0000][INFO] - values.append(record[CommandLine_name]). sucess :
[2023-01-11 14:12:40 +0000][INFO] - values.append(record[Process_name]). sucess :
[2023-01-11 14:12:40 +0000][INFO] - values.append(record[CommandLine_name]). sucess :
[2023-01-11 14:12:40 +0000][INFO] - values.append(record[Process_name]). sucess :
[2023-01-11 14:12:40 +0000][INFO] - values.append(record[CommandLine_name]). sucess :
[2023-01-11 14:12:40 +0000][INFO] - values.append(record[Process_name]). sucess :
[2023-01-11 14:12:40 +0000][INFO] - values.append(record[CommandLine_name]). sucess :
[2023-01-11 14:12:40 +0000][INFO] - values.append(record[Process_name]). sucess :
[2023-01-11 14:12:40 +0000][INFO] - values.append(record[CommandLine_name]). sucess :
[2023-01-11 14:12:40 +0000][INFO] - values.append(record[Process_name]). sucess :
[2023-01-11 14:12:40 +0000][INFO] - values.append(record[CommandLine_name]). sucess :
[2023-01-11 14:12:40 +0000][INFO] - values.append(record[Process_name]). sucess :
[2023-01-11 14:12:40 +0000][INFO] - values.append(record[CommandLine_name]). sucess :
[2023-01-11 14:12:40 +0000][INFO] - values.append(record[Process_name]). sucess :
[2023-01-11 14:12:40 +0000][INFO] - values.append(record[CommandLine_name]). sucess :
[2023-01-11 14:12:40 +0000][INFO] - values.append(record[Process_name]). sucess :
[2023-01-11 14:12:40 +0000][INFO] - values.append(record[CommandLine_name]). sucess :
[2023-01-11 14:12:40 +0000][INFO] - values.append(record[Process_name]). sucess :
[2023-01-11 14:12:40 +0000][INFO] - values.append(record[CommandLine_name]). sucess :
[2023-01-11 14:12:40 +0000][INFO] - values.append(record[Process_name]). sucess :
[2023-01-11 14:12:40 +0000][INFO] - process_dict_list :{'3484': ['1812', '2022-12-05 18:12:57', '\\??\\C:\\Windows\\system32\\conhost.exe 0x4', 'conhost.exe'], '1812': ['4976', '2022-12-05 18:12:57', '"C:\\Users\\ADMINI~1\\AppData\\Local\\Temp\\2\\WorkingTemp\\winpmem64.exe" -', 'winpmem64.exe'], '1756': ['884', '2022-12-05 18:12:53', 'C:\\Windows\\winsxs\\amd64_microsoft-windows-servicingstack_31bf3856ad364e35_10.0.17763.3641_none_56cfe33d992f2729\\TiWorker.exe -Embedding', 'TiWorker.exe'], '3752': ['764', '2022-12-05 18:12:53', 'C:\\Windows\\servicing\\TrustedInstaller.exe', 'TrustedInstaller.exe'], '4876': ['884', '2022-12-05 18:12:53', 'C:\\Windows\\system32\\wbem\\wmiprvse.exe', 'WmiPrvSE.exe'], '4976': ['4024', '2022-12-05 18:12:52', '"C:\\Users\\Administrator\\AppData\\Local\\Temp\\2\\DFIR-Orc_x64.exe" WolfLauncher /MothershipHandle=0x32c', 'DFIR-Orc_x64.exe'], '4024': ['1972', '2022-12-05 18:12:51', '"C:\\Users\\Administrator\\Desktop\\DFIR-Orc_heavy\\DFIR-Orc_heavy\\DFIR-Orc.exe"', 'DFIR-Orc.exe'], '3028': ['4012', '2022-12-05 18:12:09', '\\??\\C:\\Windows\\system32\\conhost.exe 0x4', 'conhost.exe'], '4012': ['2856', '2022-12-05 18:12:09', '"c:\\windows\\syswow64\\windowspowershell\\v1.0\\powershell.exe" -Version 5.1 -s -NoLogo -NoProfile', 'powershell.exe'], '2856': ['3628', '2022-12-05 18:11:34', '', 'powershell.exe'], '1884': ['1972', '2022-12-05 18:11:19', '\\??\\C:\\Windows\\system32\\conhost.exe 0x4', 'conhost.exe'], '1972': ['3628', '2022-12-05 18:11:19', '"C:\\Windows\\System32\\WindowsPowerShell\\v1.0\\powershell.exe" -noexit -command Set-Location -literalPath \'C:\\Users\\Administrator\\Desktop\'', 'powershell.exe'], '4576': ['3628', '2022-12-05 18:09:30', '"C:\\Windows\\system32\\taskmgr.exe" /4', 'Taskmgr.exe'], '3796': ['884', '2022-12-05 18:07:47', 'C:\\Windows\\system32\\DllHost.exe /Processid:{7E55A26D-EF95-4A45-9F55-21E52ADF9887}', 'dllhost.exe'], '4076': ['884', '2022-12-05 18:07:46', '"C:\\Windows\\SystemApps\\Microsoft.Windows.SecHealthUI_cw5n1h2txyewy\\SecHealthUI.exe" -ServerName:SecHealthUI.AppXep4x2tbtjws1v9qqs0rmb3hxykvkpqtn.mca', 'SecHealthUI.exe'], '2556': ['764', '2022-12-05 18:07:43', 'C:\\Windows\\system32\\SecurityHealthService.exe', 'SecurityHealthService.exe'], '2168': ['884', '2022-12-05 18:07:41', 'C:\\Windows\\system32\\ApplicationFrameHost.exe -Embedding', 'ApplicationFrameHost.exe'], '1528': ['884', '2022-12-05 18:07:41', '"C:\\Windows\\ImmersiveControlPanel\\SystemSettings.exe" -ServerName:microsoft.windows.immersivecontrolpanel', 'SystemSettings.exe'], '4044': ['884', '2022-12-05 18:07:37', 'C:\\Windows\\system32\\DllHost.exe /Processid:{973D20D7-562D-44B9-B70B-5A0F49CCDF3F}', 'dllhost.exe'], '4656': ['884', '2022-12-05 18:06:56', 'C:\\Windows\\System32\\RuntimeBroker.exe -Embedding', 'RuntimeBroker.exe'], '4112': ['884', '2022-12-05 18:06:45', 'C:\\Windows\\System32\\RuntimeBroker.exe -Embedding', 'RuntimeBroker.exe'], '3492': ['884', '2022-12-05 18:06:44', '"C:\\Windows\\SystemApps\\Microsoft.Windows.Cortana_cw5n1h2txyewy\\SearchUI.exe" -ServerName:CortanaUI.AppXa50dqqa5gqv4a428c9y1jjw7m3btvepj.mca', 'SearchUI.exe'], '864': ['884', '2022-12-05 18:06:44', 'C:\\Windows\\System32\\RuntimeBroker.exe -Embedding', 'RuntimeBroker.exe'], '3568': ['884', '2022-12-05 18:06:43', '"C:\\Windows\\SystemApps\\ShellExperienceHost_cw5n1h2txyewy\\ShellExperienceHost.exe" -ServerName:App.AppXtk181tbxbce2qsex02s8tw7hfxa9xb3t.mca', 'ShellExperienceHost.exe'], '3956': ['884', '2022-12-05 18:06:30', 'C:\\Windows\\System32\\smartscreen.exe -Embedding', 'smartscreen.exe'], '3760': ['764', '2022-12-05 18:06:28', 'C:\\Windows\\System32\\svchost.exe -k AppReadiness -p', 'svchost.exe'], '3628': ['3616', '2022-12-05 18:06:27', 'C:\\Windows\\Explorer.EXE', 'explorer.exe'], '3616': ['2764', '2022-12-05 18:06:27', '', 'userinit.exe'], '3436': ['792', '2022-12-05 18:06:25', '"ctfmon.exe"', 'ctfmon.exe'], '3076': ['1144', '2022-12-05 18:06:23', 'taskhostw.exe {222A245B-E637-4AE9-A93F-A59CA119A75E}', 'taskhostw.exe'], '504': ['764', '2022-12-05 18:06:23', 'C:\\Windows\\system32\\svchost.exe -k appmodel -p', 'svchost.exe'], '1840': ['1144', '2022-12-05 18:06:22', 'sihost.exe', 'sihost.exe'], '2660': ['764', '2022-12-05 18:06:22', 'C:\\Windows\\system32\\svchost.exe -k UnistackSvcGroup', 'svchost.exe'], '2512': ['640', '2022-12-05 18:06:22', 'rdpclip', 'rdpclip.exe'], '2708': ['2764', '2022-12-05 18:06:18', '"dwm.exe"', 'dwm.exe'], '2260': ['2764', '2022-12-05 18:06:18', '"fontdrvhost.exe"', 'fontdrvhost.exe'], '2764': ['1972', '2022-12-05 18:06:17', 'winlogon.exe', 'winlogon.exe'], '2988': ['1972', '2022-12-05 18:06:17', '%SystemRoot%\\system32\\csrss.exe ObjectDirectory=\\Windows SharedSection=1024,20480,768 Windows=On SubSystemType=Windows ServerDll=basesrv,1 ServerDll=winsrv:UserServerDllInitialization,3 ServerDll=sxssrv,4 ProfileControl=Off MaxRequestThreads=16', 'csrss.exe'], '532': ['764', '2022-12-05 18:02:50', 'C:\\Windows\\System32\\msdtc.exe', 'msdtc.exe'], '648': ['1060', '2022-12-05 18:02:30', '\\??\\C:\\Windows\\system32\\conhost.exe 0x4', 'conhost.exe'], '1060': ['2280', '2022-12-05 18:02:30', '"C:\\Program Files\\Amazon\\SSM\\ssm-agent-worker.exe"', 'ssm-agent-worker.exe'], '2280': ['764', '2022-12-05 18:02:19', '"C:\\Program Files\\Amazon\\SSM\\amazon-ssm-agent.exe"', 'amazon-ssm-agent.exe'], '2588': ['884', '2022-12-05 18:01:23', 'C:\\Windows\\system32\\wbem\\wmiprvse.exe', 'WmiPrvSE.exe'], '2472': ['764', '2022-12-05 18:01:21', 'C:\\Windows\\System32\\vds.exe', 'vds.exe'], '2544': ['700', '2022-12-05 18:00:46', '"LogonUI.exe" /flags:0x2 /state0:0xa3aba855 /state1:0x41c64e6d', 'LogonUI.exe'], '1416': ['764', '2022-12-05 18:00:43', '"C:\\ProgramData\\Microsoft\\Windows Defender\\Platform\\4.18.2209.7-0\\MsMpEng.exe"', 'MsMpEng.exe'], '1228': ['764', '2022-12-05 18:00:43', 'C:\\Windows\\System32\\svchost.exe -k smbsvcs', 'svchost.exe'], '2036': ['764', '2022-12-05 18:00:43', 'C:\\Windows\\system32\\svchost.exe -k LocalService', 'svchost.exe'], '2008': ['764', '2022-12-05 18:00:43', '"C:\\Program Files\\Amazon\\XenTools\\LiteAgent.exe"', 'LiteAgent.exe'], '1956': ['764', '2022-12-05 18:00:43', 'C:\\Windows\\System32\\spoolsv.exe', 'spoolsv.exe'], '1640': ['764', '2022-12-05 18:00:42', 'C:\\Windows\\system32\\svchost.exe -k netsvcs', 'svchost.exe'], '1512': ['764', '2022-12-05 18:00:42', 'C:\\Windows\\system32\\svchost.exe -k LocalServiceNoNetworkFirewall -p', 'svchost.exe'], '1332': ['764', '2022-12-05 18:00:42', 'C:\\Windows\\system32\\svchost.exe -k LocalServiceNetworkRestricted -p', 'svchost.exe'], '1292': ['764', '2022-12-05 18:00:42', 'C:\\Windows\\System32\\svchost.exe -k NetworkService -p', 'svchost.exe'], '1216': ['764', '2022-12-05 18:00:42', 'C:\\Windows\\system32\\svchost.exe -k LocalServiceNoNetwork -p', 'svchost.exe'], '1144': ['764', '2022-12-05 18:00:41', 'C:\\Windows\\system32\\svchost.exe -k netsvcs -p', 'svchost.exe'], '1128': ['764', '2022-12-05 18:00:41', 'C:\\Windows\\system32\\svchost.exe -k LocalService -p', 'svchost.exe'], '1084': ['764', '2022-12-05 18:00:41', 'C:\\Windows\\System32\\svchost.exe -k LocalServiceNetworkRestricted -p', 'svchost.exe'], '792': ['764', '2022-12-05 18:00:41', 'C:\\Windows\\System32\\svchost.exe -k LocalSystemNetworkRestricted -p', 'svchost.exe'], '640': ['764', '2022-12-05 18:00:41', 'C:\\Windows\\System32\\svchost.exe -k termsvcs', 'svchost.exe'], '520': ['700', '2022-12-05 18:00:41', '"dwm.exe"', 'dwm.exe'], '976': ['764', '2022-12-05 18:00:40', 'C:\\Windows\\system32\\svchost.exe -k RPCSS -p', 'svchost.exe'], '912': ['660', '2022-12-05 18:00:40', '"fontdrvhost.exe"', 'fontdrvhost.exe'], '904': ['700', '2022-12-05 18:00:40', '"fontdrvhost.exe"', 'fontdrvhost.exe'], '884': ['764', '2022-12-05 18:00:40', 'C:\\Windows\\system32\\svchost.exe -k DcomLaunch -p', 'svchost.exe'], '776': ['660', '2022-12-05 18:00:39', 'C:\\Windows\\system32\\lsass.exe', 'lsass.exe'], '764': ['660', '2022-12-05 18:00:39', 'C:\\Windows\\system32\\services.exe', 'services.exe'], '700': ['636', '2022-12-05 18:00:38', 'winlogon.exe', 'winlogon.exe'], '660': ['560', '2022-12-05 18:00:38', 'wininit.exe', 'wininit.exe'], '644': ['636', '2022-12-05 18:00:38', '%SystemRoot%\\system32\\csrss.exe ObjectDirectory=\\Windows SharedSection=1024,20480,768 Windows=On SubSystemType=Windows ServerDll=basesrv,1 ServerDll=winsrv:UserServerDllInitialization,3 ServerDll=sxssrv,4 ProfileControl=Off MaxRequestThreads=16', 'csrss.exe'], '568': ['560', '2022-12-05 18:00:38', '%SystemRoot%\\system32\\csrss.exe ObjectDirectory=\\Windows SharedSection=1024,20480,768 Windows=On SubSystemType=Windows ServerDll=basesrv,1 ServerDll=winsrv:UserServerDllInitialization,3 ServerDll=sxssrv,4 ProfileControl=Off MaxRequestThreads=16', 'csrss.exe'], '412': ['4', '2022-12-05 18:00:18', '\\SystemRoot\\System32\\smss.exe', 'smss.exe'], '68': ['4', '2022-12-05 18:00:10', '', 'Registry'], '4': ['0', '2022-12-05 18:00:18', '', 'System']}
[2023-01-11 14:12:40 +0000][INFO] - output :PID      Process name                         Creation Time                    Command Line
3628    explorer.exe                             2022-12-05 18:06:27          C:\Windows\Explorer.EXE
|---2856    powershell.exe                       2022-12-05 18:11:34          
`` `-4012    powershell.exe                      2022-12-05 18:12:09          "c:\windows\syswow64\windowspowershell\v1.0\powershell.exe" -Version 5.1 -s -NoLogo -NoProfile
`` `` `-3028    conhost.exe                      2022-12-05 18:12:09          \??\C:\Windows\system32\conhost.exe 0x4
|---1972    powershell.exe                       2022-12-05 18:11:19          "C:\Windows\System32\WindowsPowerShell\v1.0\powershell.exe" -noexit -command Set-Location -literalPath 'C:\Users\Administrator\Desktop'
`` |---4024    DFIR-Orc.exe                      2022-12-05 18:12:51          "C:\Users\Administrator\Desktop\DFIR-Orc_heavy\DFIR-Orc_heavy\DFIR-Orc.exe"
`` `` `-4976    DFIR-Orc_x64.exe                 2022-12-05 18:12:52          "C:\Users\Administrator\AppData\Local\Temp\2\DFIR-Orc_x64.exe" WolfLauncher /MothershipHandle=0x32c
`` `` `` `-1812    winpmem64.exe                 2022-12-05 18:12:57          "C:\Users\ADMINI~1\AppData\Local\Temp\2\WorkingTemp\winpmem64.exe" -
`` `` `` `` `-3484    conhost.exe                2022-12-05 18:12:57          \??\C:\Windows\system32\conhost.exe 0x4
`` |---`` |---`` `-2988    csrss.exe             2022-12-05 18:06:17          %SystemRoot%\system32\csrss.exe ObjectDirectory=\Windows SharedSection=1024,20480,768 Windows=On SubSystemType=Windows ServerDll=basesrv,1 ServerDll=winsrv:UserServerDllInitialization,3 ServerDll=sxssrv,4 ProfileControl=Off MaxRequestThreads=16
`-4576    Taskmgr.exe                            2022-12-05 18:09:30          "C:\Windows\system32\taskmgr.exe" /4
2764    winlogon.exe                             2022-12-05 18:06:17          winlogon.exe
|---3616    userinit.exe                         2022-12-05 18:06:27          
`` `-3628    explorer.exe                        2022-12-05 18:06:27          C:\Windows\Explorer.EXE
`` `` |---2856    powershell.exe                 2022-12-05 18:11:34          
`` `` `` `-4012    powershell.exe                2022-12-05 18:12:09          "c:\windows\syswow64\windowspowershell\v1.0\powershell.exe" -Version 5.1 -s -NoLogo -NoProfile
`` `` `` `` `-3028    conhost.exe                2022-12-05 18:12:09          \??\C:\Windows\system32\conhost.exe 0x4
`` `` |---1972    powershell.exe                 2022-12-05 18:11:19          "C:\Windows\System32\WindowsPowerShell\v1.0\powershell.exe" -noexit -command Set-Location -literalPath 'C:\Users\Administrator\Desktop'
`` `` `` |---4024    DFIR-Orc.exe                2022-12-05 18:12:51          "C:\Users\Administrator\Desktop\DFIR-Orc_heavy\DFIR-Orc_heavy\DFIR-Orc.exe"
`` `` `` `` `-4976    DFIR-Orc_x64.exe           2022-12-05 18:12:52          "C:\Users\Administrator\AppData\Local\Temp\2\DFIR-Orc_x64.exe" WolfLauncher /MothershipHandle=0x32c
`` `` `` `` `` `-1812    winpmem64.exe           2022-12-05 18:12:57          "C:\Users\ADMINI~1\AppData\Local\Temp\2\WorkingTemp\winpmem64.exe" -
`` `` `` `` `` `` `-3484    conhost.exe          2022-12-05 18:12:57          \??\C:\Windows\system32\conhost.exe 0x4
`` `` `` |---`` `` `` |---`` `` `` `-2988    csrss.exe2022-12-05 18:06:17          %SystemRoot%\system32\csrss.exe ObjectDirectory=\Windows SharedSection=1024,20480,768 Windows=On SubSystemType=Windows ServerDll=basesrv,1 ServerDll=winsrv:UserServerDllInitialization,3 ServerDll=sxssrv,4 ProfileControl=Off MaxRequestThreads=16
`` `` `-4576    Taskmgr.exe                      2022-12-05 18:09:30          "C:\Windows\system32\taskmgr.exe" /4
|---2708    dwm.exe                              2022-12-05 18:06:18          "dwm.exe"
`-2260    fontdrvhost.exe                        2022-12-05 18:06:18          "fontdrvhost.exe"
700    winlogon.exe                              2022-12-05 18:00:38          winlogon.exe
|---2544    LogonUI.exe                          2022-12-05 18:00:46          "LogonUI.exe" /flags:0x2 /state0:0xa3aba855 /state1:0x41c64e6d
|---520    dwm.exe                               2022-12-05 18:00:41          "dwm.exe"
`-904    fontdrvhost.exe                         2022-12-05 18:00:40          "fontdrvhost.exe"
660    wininit.exe                               2022-12-05 18:00:38          wininit.exe
|---912    fontdrvhost.exe                       2022-12-05 18:00:40          "fontdrvhost.exe"
|---776    lsass.exe                             2022-12-05 18:00:39          C:\Windows\system32\lsass.exe
`-764    services.exe                            2022-12-05 18:00:39          C:\Windows\system32\services.exe
`` |---3752    TrustedInstaller.exe              2022-12-05 18:12:53          C:\Windows\servicing\TrustedInstaller.exe
`` |---2556    SecurityHealthService.exe         2022-12-05 18:07:43          C:\Windows\system32\SecurityHealthService.exe
`` |---3760    svchost.exe                       2022-12-05 18:06:28          C:\Windows\System32\svchost.exe -k AppReadiness -p
`` |---504    svchost.exe                        2022-12-05 18:06:23          C:\Windows\system32\svchost.exe -k appmodel -p
`` |---2660    svchost.exe                       2022-12-05 18:06:22          C:\Windows\system32\svchost.exe -k UnistackSvcGroup
`` |---532    msdtc.exe                          2022-12-05 18:02:50          C:\Windows\System32\msdtc.exe
`` |---2280    amazon-ssm-agent.exe              2022-12-05 18:02:19          "C:\Program Files\Amazon\SSM\amazon-ssm-agent.exe"
`` `` `-1060    ssm-agent-worker.exe             2022-12-05 18:02:30          "C:\Program Files\Amazon\SSM\ssm-agent-worker.exe"
`` `` `` `-648    conhost.exe                    2022-12-05 18:02:30          \??\C:\Windows\system32\conhost.exe 0x4
`` |---2472    vds.exe                           2022-12-05 18:01:21          C:\Windows\System32\vds.exe
`` |---1416    MsMpEng.exe                       2022-12-05 18:00:43          "C:\ProgramData\Microsoft\Windows Defender\Platform\4.18.2209.7-0\MsMpEng.exe"
`` |---1228    svchost.exe                       2022-12-05 18:00:43          C:\Windows\System32\svchost.exe -k smbsvcs
`` |---2036    svchost.exe                       2022-12-05 18:00:43          C:\Windows\system32\svchost.exe -k LocalService
`` |---2008    LiteAgent.exe                     2022-12-05 18:00:43          "C:\Program Files\Amazon\XenTools\LiteAgent.exe"
`` |---1956    spoolsv.exe                       2022-12-05 18:00:43          C:\Windows\System32\spoolsv.exe
`` |---1640    svchost.exe                       2022-12-05 18:00:42          C:\Windows\system32\svchost.exe -k netsvcs
`` |---1512    svchost.exe                       2022-12-05 18:00:42          C:\Windows\system32\svchost.exe -k LocalServiceNoNetworkFirewall -p
`` |---1332    svchost.exe                       2022-12-05 18:00:42          C:\Windows\system32\svchost.exe -k LocalServiceNetworkRestricted -p
`` |---1292    svchost.exe                       2022-12-05 18:00:42          C:\Windows\System32\svchost.exe -k NetworkService -p
`` |---1216    svchost.exe                       2022-12-05 18:00:42          C:\Windows\system32\svchost.exe -k LocalServiceNoNetwork -p
`` |---1144    svchost.exe                       2022-12-05 18:00:41          C:\Windows\system32\svchost.exe -k netsvcs -p
`` `` |---3076    taskhostw.exe                  2022-12-05 18:06:23          taskhostw.exe {222A245B-E637-4AE9-A93F-A59CA119A75E}
`` `` `-1840    sihost.exe                       2022-12-05 18:06:22          sihost.exe
`` |---1128    svchost.exe                       2022-12-05 18:00:41          C:\Windows\system32\svchost.exe -k LocalService -p
`` |---1084    svchost.exe                       2022-12-05 18:00:41          C:\Windows\System32\svchost.exe -k LocalServiceNetworkRestricted -p
`` |---792    svchost.exe                        2022-12-05 18:00:41          C:\Windows\System32\svchost.exe -k LocalSystemNetworkRestricted -p
`` `` `-3436    ctfmon.exe                       2022-12-05 18:06:25          "ctfmon.exe"
`` |---640    svchost.exe                        2022-12-05 18:00:41          C:\Windows\System32\svchost.exe -k termsvcs
`` `` `-2512    rdpclip.exe                      2022-12-05 18:06:22          rdpclip
`` |---976    svchost.exe                        2022-12-05 18:00:40          C:\Windows\system32\svchost.exe -k RPCSS -p
`` `-884    svchost.exe                          2022-12-05 18:00:40          C:\Windows\system32\svchost.exe -k DcomLaunch -p
`` `` |---1756    TiWorker.exe                   2022-12-05 18:12:53          C:\Windows\winsxs\amd64_microsoft-windows-servicingstack_31bf3856ad364e35_10.0.17763.3641_none_56cfe33d992f2729\TiWorker.exe -Embedding
`` `` |---4876    WmiPrvSE.exe                   2022-12-05 18:12:53          C:\Windows\system32\wbem\wmiprvse.exe
`` `` |---3796    dllhost.exe                    2022-12-05 18:07:47          C:\Windows\system32\DllHost.exe /Processid:{7E55A26D-EF95-4A45-9F55-21E52ADF9887}
`` `` |---4076    SecHealthUI.exe                2022-12-05 18:07:46          "C:\Windows\SystemApps\Microsoft.Windows.SecHealthUI_cw5n1h2txyewy\SecHealthUI.exe" -ServerName:SecHealthUI.AppXep4x2tbtjws1v9qqs0rmb3hxykvkpqtn.mca
`` `` |---2168    ApplicationFrameHost.exe       2022-12-05 18:07:41          C:\Windows\system32\ApplicationFrameHost.exe -Embedding
`` `` |---1528    SystemSettings.exe             2022-12-05 18:07:41          "C:\Windows\ImmersiveControlPanel\SystemSettings.exe" -ServerName:microsoft.windows.immersivecontrolpanel
`` `` |---4044    dllhost.exe                    2022-12-05 18:07:37          C:\Windows\system32\DllHost.exe /Processid:{973D20D7-562D-44B9-B70B-5A0F49CCDF3F}
`` `` |---4656    RuntimeBroker.exe              2022-12-05 18:06:56          C:\Windows\System32\RuntimeBroker.exe -Embedding
`` `` |---4112    RuntimeBroker.exe              2022-12-05 18:06:45          C:\Windows\System32\RuntimeBroker.exe -Embedding
`` `` |---3492    SearchUI.exe                   2022-12-05 18:06:44          "C:\Windows\SystemApps\Microsoft.Windows.Cortana_cw5n1h2txyewy\SearchUI.exe" -ServerName:CortanaUI.AppXa50dqqa5gqv4a428c9y1jjw7m3btvepj.mca
`` `` |---864    RuntimeBroker.exe               2022-12-05 18:06:44          C:\Windows\System32\RuntimeBroker.exe -Embedding
`` `` |---3568    ShellExperienceHost.exe        2022-12-05 18:06:43          "C:\Windows\SystemApps\ShellExperienceHost_cw5n1h2txyewy\ShellExperienceHost.exe" -ServerName:App.AppXtk181tbxbce2qsex02s8tw7hfxa9xb3t.mca
`` `` |---3956    smartscreen.exe                2022-12-05 18:06:30          C:\Windows\System32\smartscreen.exe -Embedding
`` `` `-2588    WmiPrvSE.exe                     2022-12-05 18:01:23          C:\Windows\system32\wbem\wmiprvse.exe
4    System                                      2022-12-05 18:00:18          
|---`-68    Registry                             2022-12-05 18:00:10          

